<?xml version="1.0" encoding="UTF-8"?>
<testsuite name="TestFunctions" tests="1" skipped="0" failures="0" errors="0" timestamp="2018-08-14T19:36:16" hostname="TRAN0229" time="0.026">
  <properties/>
  <testcase name="collection" classname="TestFunctions" time="0.026"/>
  <system-out><![CDATA[]]></system-out>
  <system-err><![CDATA[]]></system-err>
</testsuite>
