<?xml version="1.0" encoding="UTF-8"?>
<testsuite name="TestStart" tests="1" skipped="0" failures="0" errors="0" timestamp="2018-08-14T18:13:53" hostname="TRAN0229" time="0.043">
  <properties/>
  <testcase name="testOk" classname="TestStart" time="0.043"/>
  <system-out><![CDATA[]]></system-out>
  <system-err><![CDATA[]]></system-err>
</testsuite>
